Using pre-set license
Built from '2020.3/staging' branch; Version is '2020.3.48f1 (b805b124c6b7) revision 12060081'; Using compiler version '192528614'; Build Type 'Release'
OS: 'Windows 10  (10.0.19045) 64bit CoreSingleLanguage' Language: 'en' Physical Memory: 7955 MB
BatchMode: 1, IsHumanControllingUs: 0, StartBugReporterOnCrash: 0, Is64bit: 1, IsPro: 0

COMMAND LINE ARGUMENTS:
C:\Program Files\Unity\Hub\Editor\2020.3.48f1\Editor\Unity.exe
-adb2
-batchMode
-noUpm
-name
AssetImportWorker0
-projectPath
C:/Users/saart/Desktop/Unity/Q1
-logFile
Logs/AssetImportWorker0.log
-srvPort
54336
Successfully changed project path to: C:/Users/saart/Desktop/Unity/Q1
C:/Users/saart/Desktop/Unity/Q1
Using Asset Import Pipeline V2.
Player connection [5808] Host "[IP] 192.168.88.180 [Port] 805523936 [Flags] 2 [Guid] 3337809920 [EditorId] 3337809920 [Version] 1048832 [Id] WindowsEditor(7,Acer-Nitro-5) [Debug] 1 [PackageName] WindowsEditor [ProjectName] Editor" joined multi-casting on [225.0.0.222:54997]...

Player connection [5808] Host "[IP] 192.168.88.180 [Port] 805523936 [Flags] 2 [Guid] 3337809920 [EditorId] 3337809920 [Version] 1048832 [Id] WindowsEditor(7,Acer-Nitro-5) [Debug] 1 [PackageName] WindowsEditor [ProjectName] Editor" joined alternative multi-casting on [225.0.0.222:34997]...

Refreshing native plugins compatible for Editor in 63.68 ms, found 2 plugins.
Preloading 0 native plugins for Editor in 0.00 ms.
Initialize engine version: 2020.3.48f1 (b805b124c6b7)
[Subsystems] Discovering subsystems at path C:/Program Files/Unity/Hub/Editor/2020.3.48f1/Editor/Data/Resources/UnitySubsystems
[Subsystems] Discovering subsystems at path C:/Users/saart/Desktop/Unity/Q1/Assets
GfxDevice: creating device client; threaded=0
Direct3D:
    Version:  Direct3D 11.0 [level 11.1]
    Renderer: NVIDIA GeForce GTX 1650 (ID=0x1f9d)
    Vendor:   
    VRAM:     3962 MB
    Driver:   27.21.14.6262
Initialize mono
Mono path[0] = 'C:/Program Files/Unity/Hub/Editor/2020.3.48f1/Editor/Data/Managed'
Mono path[1] = 'C:/Program Files/Unity/Hub/Editor/2020.3.48f1/Editor/Data/MonoBleedingEdge/lib/mono/unityjit'
Mono config path = 'C:/Program Files/Unity/Hub/Editor/2020.3.48f1/Editor/Data/MonoBleedingEdge/etc'
Using monoOptions --debugger-agent=transport=dt_socket,embedding=1,server=y,suspend=n,address=127.0.0.1:56572
Begin MonoManager ReloadAssembly
Registering precompiled unity dll's ...
Register platform support module: C:/Program Files/Unity/Hub/Editor/2020.3.48f1/Editor/Data/PlaybackEngines/WindowsStandaloneSupport/UnityEditor.WindowsStandalone.Extensions.dll
Registered in 0.003994 seconds.
Native extension for WindowsStandalone target not found
Refreshing native plugins compatible for Editor in 31.71 ms, found 2 plugins.
Preloading 0 native plugins for Editor in 0.00 ms.
Mono: successfully reloaded assembly
- Completed reload, in  0.815 seconds
Domain Reload Profiling:
	ReloadAssembly (816ms)
		BeginReloadAssembly (211ms)
			ExecutionOrderSort (0ms)
			DisableScriptedObjects (0ms)
			BackupInstance (0ms)
			ReleaseScriptingObjects (0ms)
			CreateAndSetChildDomain (2ms)
		EndReloadAssembly (508ms)
			LoadAssemblies (207ms)
			RebuildTransferFunctionScriptingTraits (1ms)
			SetupTypeCache (177ms)
			ReleaseScriptCaches (0ms)
			RebuildScriptCaches (35ms)
			SetupLoadedEditorAssemblies (167ms)
				LogAssemblyErrors (0ms)
				InitializePlatformSupportModulesInManaged (7ms)
				SetLoadedEditorAssemblies (0ms)
				RefreshPlugins (32ms)
				BeforeProcessingInitializeOnLoad (9ms)
				ProcessInitializeOnLoadAttributes (88ms)
				ProcessInitializeOnLoadMethodAttributes (31ms)
				AfterProcessingInitializeOnLoad (0ms)
				EditorAssembliesLoaded (0ms)
			ExecutionOrderSort2 (0ms)
			AwakeInstancesAfterBackupRestoration (0ms)
Platform modules already initialized, skipping
Registering precompiled user dll's ...
Registered in 0.004981 seconds.
Begin MonoManager ReloadAssembly
Symbol file LoadedFromMemory is not a mono symbol file
Native extension for WindowsStandalone target not found
Refreshing native plugins compatible for Editor in 0.64 ms, found 2 plugins.
Preloading 0 native plugins for Editor in 0.00 ms.
Mono: successfully reloaded assembly
- Completed reload, in  1.492 seconds
Domain Reload Profiling:
	ReloadAssembly (1493ms)
		BeginReloadAssembly (185ms)
			ExecutionOrderSort (0ms)
			DisableScriptedObjects (5ms)
			BackupInstance (0ms)
			ReleaseScriptingObjects (0ms)
			CreateAndSetChildDomain (25ms)
		EndReloadAssembly (1236ms)
			LoadAssemblies (172ms)
			RebuildTransferFunctionScriptingTraits (0ms)
			SetupTypeCache (323ms)
			ReleaseScriptCaches (1ms)
			RebuildScriptCaches (46ms)
			SetupLoadedEditorAssemblies (639ms)
				LogAssemblyErrors (0ms)
				InitializePlatformSupportModulesInManaged (6ms)
				SetLoadedEditorAssemblies (1ms)
				RefreshPlugins (1ms)
				BeforeProcessingInitializeOnLoad (85ms)
				ProcessInitializeOnLoadAttributes (510ms)
				ProcessInitializeOnLoadMethodAttributes (27ms)
				AfterProcessingInitializeOnLoad (9ms)
				EditorAssembliesLoaded (1ms)
			ExecutionOrderSort2 (0ms)
			AwakeInstancesAfterBackupRestoration (2ms)
Platform modules already initialized, skipping
========================================================================
Worker process is ready to serve import requests
Launched and connected shader compiler UnityShaderCompiler.exe after 0.08 seconds
Refreshing native plugins compatible for Editor in 0.37 ms, found 2 plugins.
Preloading 0 native plugins for Editor in 0.00 ms.
Unloading 1983 Unused Serialized files (Serialized files now loaded: 0)
System memory in use before: 85.2 MB.
System memory in use after: 85.3 MB.

Unloading 15 unused Assets to reduce memory usage. Loaded Objects now: 2410.
Total: 5.040400 ms (FindLiveObjects: 0.130000 ms CreateObjectMapping: 0.036100 ms MarkObjects: 4.809200 ms  DeleteObjects: 0.064100 ms)

AssetImportParameters requested are different than current active one (requested -> active):
  custom:framework-win-MediaFoundation: 216162199b28c13a410421893ffa2e32 -> 
  custom:video-decoder-ogg-theora: a1e56fd34408186e4bbccfd4996cb3dc -> 
  custom:container-muxer-webm: aa71ff27fc2769a1b78a27578f13a17b -> 
  custom:container-demuxer-webm: 4f35f7cbe854078d1ac9338744f61a02 -> 
  custom:container-demuxer-ogg: 62fdf1f143b41e24485cea50d1cbac27 -> 
  custom:video-encoder-webm-vp8: eb34c28f22e8b96e1ab97ce403110664 -> 
  custom:video-decoder-webm-vp8: 9c59270c3fd7afecdb556c50c9e8de78 -> 
  custom:audio-decoder-ogg-vorbis: bf7c407c2cedff20999df2af8eb42d56 -> 
  custom:audio-encoder-webm-vorbis: bf7c407c2cedff20999df2af8eb42d56 -> 
========================================================================
Received Import Request.
  path: Assets/electron.fbx
  artifactKey: Guid(931cd5c99a7072e48a1089a9b3126581) Importer(815301076,1909f56bfc062723c751e8b465ee728b)
Start importing Assets/electron.fbx using Guid(931cd5c99a7072e48a1089a9b3126581) Importer(815301076,1909f56bfc062723c751e8b465ee728b)  -> (artifact id: '9b35f794a9bc50ca06a8052a708b6421') in 0.204412 seconds 
========================================================================
Received Import Request.
  Time since last request: 31.660309 seconds.
  path: Assets/Base colour.png
  artifactKey: Guid(8eab4743689a2bd4fb820a5f57bca61e) Importer(815301076,1909f56bfc062723c751e8b465ee728b)
Start importing Assets/Base colour.png using Guid(8eab4743689a2bd4fb820a5f57bca61e) Importer(815301076,1909f56bfc062723c751e8b465ee728b)  -> (artifact id: '58339623c2144e93ad55b50fea673486') in 0.063298 seconds 
========================================================================
Received Import Request.
  Time since last request: 0.000313 seconds.
  path: Assets/Emission.png
  artifactKey: Guid(2522fe88fe1cf724c9b71063b721b56c) Importer(815301076,1909f56bfc062723c751e8b465ee728b)
Start importing Assets/Emission.png using Guid(2522fe88fe1cf724c9b71063b721b56c) Importer(815301076,1909f56bfc062723c751e8b465ee728b)  -> (artifact id: 'dce72369c8b0ec4f022f4b4ca74a043b') in 0.012319 seconds 
========================================================================
Received Import Request.
  Time since last request: 0.000450 seconds.
  path: Assets/electron.fbx
  artifactKey: Guid(931cd5c99a7072e48a1089a9b3126581) Importer(815301076,1909f56bfc062723c751e8b465ee728b)
Start importing Assets/electron.fbx using Guid(931cd5c99a7072e48a1089a9b3126581) Importer(815301076,1909f56bfc062723c751e8b465ee728b)  -> (artifact id: '0d19cf33328751d61aa8e99bc843d228') in 0.023070 seconds 
========================================================================
Received Import Request.
  Time since last request: 27.344424 seconds.
  path: Assets
  artifactKey: Guid(00000000000000001000000000000000) Importer(815301076,1909f56bfc062723c751e8b465ee728b)
Start importing Assets using Guid(00000000000000001000000000000000) Importer(815301076,1909f56bfc062723c751e8b465ee728b)  -> (artifact id: '42d402b061de3733987d63b9cc3b64de') in 0.003034 seconds 
========================================================================
Received Import Request.
  Time since last request: 7.718815 seconds.
  path: Assets/electron
  artifactKey: Guid(d7da3984a71024b419ac237ee4887a87) Importer(815301076,1909f56bfc062723c751e8b465ee728b)
Start importing Assets/electron using Guid(d7da3984a71024b419ac237ee4887a87) Importer(815301076,1909f56bfc062723c751e8b465ee728b)  -> (artifact id: '28710ff86cd9b7f956d66136f48441b1') in 0.002643 seconds 
========================================================================
Received Import Request.
  Time since last request: 1419.923848 seconds.
  path: Assets/Atom.fbx
  artifactKey: Guid(bc5038ececac9ca4e9fdc647181e6b49) Importer(815301076,1909f56bfc062723c751e8b465ee728b)
Start importing Assets/Atom.fbx using Guid(bc5038ececac9ca4e9fdc647181e6b49) Importer(815301076,1909f56bfc062723c751e8b465ee728b)  -> (artifact id: '243c102be9b9cc84a4d6be0366896129') in 0.083746 seconds 
========================================================================
Received Import Request.
  Time since last request: 53.195803 seconds.
  path: Assets/Electron.mat
  artifactKey: Guid(d2dc2ba394bdbc248803bf61b5db1fa8) Importer(815301076,1909f56bfc062723c751e8b465ee728b)
Start importing Assets/Electron.mat using Guid(d2dc2ba394bdbc248803bf61b5db1fa8) Importer(815301076,1909f56bfc062723c751e8b465ee728b)  -> (artifact id: 'ad5e06b688e020a01a7b9ab2275de304') in 0.025575 seconds 
AssetImportWorkerClient::OnTransportError - code=2 error=End of file
